# JRE version: Java(TM) SE Runtime Environment (8.0_101-b13) (build 1.8.0_101-b13)
# Java VM: Java HotSpot(TM) 64-Bit Server VM (25.101-b13 mixed mode windows-amd64 compressed oops)
Heap:
 PSYoungGen      total 547328K, used 279251K [0x00000000d5a00000, 0x00000000f7a80000, 0x0000000100000000)
  eden space 537088K, 51% used [0x00000000d5a00000,0x00000000e6ab4db8,0x00000000f6680000)
  from space 10240K, 0% used [0x00000000f6680000,0x00000000f6680000,0x00000000f7080000)
  to   space 10240K, 52% used [0x00000000f7080000,0x00000000f75bc520,0x00000000f7a80000)
 ParOldGen       total 107520K, used 41493K [0x0000000080e00000, 0x0000000087700000, 0x00000000d5a00000)
  object space 107520K, 38% used [0x0000000080e00000,0x0000000083685608,0x0000000087700000)
 Metaspace       used 82385K, capacity 89986K, committed 90200K, reserved 1126400K
  class space    used 10769K, capacity 12302K, committed 12416K, reserved 1048576K
GC Heap History (10 events):
Event: 1960.408 GC heap after
Heap after GC invocations=68 (full 29):
 PSYoungGen      total 547840K, used 0K [0x00000000d5a00000, 0x00000000f7b80000, 0x0000000100000000)
  eden space 537088K, 0% used [0x00000000d5a00000,0x00000000d5a00000,0x00000000f6680000)
  from space 10752K, 0% used [0x00000000f6680000,0x00000000f6680000,0x00000000f7100000)
  to   space 10752K, 0% used [0x00000000f7100000,0x00000000f7100000,0x00000000f7b80000)
 ParOldGen       total 107520K, used 41786K [0x0000000080e00000, 0x0000000087700000, 0x00000000d5a00000)
  object space 107520K, 38% used [0x0000000080e00000,0x00000000836ce9f8,0x0000000087700000)
 Metaspace       used 81318K, capacity 88784K, committed 89048K, reserved 1126400K
  class space    used 10685K, capacity 12170K, committed 12288K, reserved 1048576K
}
Event: 1968.937 GC heap before
{Heap before GC invocations=69 (full 29):
 PSYoungGen      total 547840K, used 273717K [0x00000000d5a00000, 0x00000000f7b80000, 0x0000000100000000)
  eden space 537088K, 50% used [0x00000000d5a00000,0x00000000e654d7f0,0x00000000f6680000)
  from space 10752K, 0% used [0x00000000f6680000,0x00000000f6680000,0x00000000f7100000)
  to   space 10752K, 0% used [0x00000000f7100000,0x00000000f7100000,0x00000000f7b80000)
 ParOldGen       total 107520K, used 41786K [0x0000000080e00000, 0x0000000087700000, 0x00000000d5a00000)
  object space 107520K, 38% used [0x0000000080e00000,0x00000000836ce9f8,0x0000000087700000)
 Metaspace       used 81697K, capacity 89204K, committed 89304K, reserved 1126400K
  class space    used 10715K, capacity 12219K, committed 12288K, reserved 1048576K
Event: 1968.951 GC heap after
Heap after GC invocations=69 (full 29):
 PSYoungGen      total 546816K, used 7652K [0x00000000d5a00000, 0x00000000f7a80000, 0x0000000100000000)
  eden space 537088K, 0% used [0x00000000d5a00000,0x00000000d5a00000,0x00000000f6680000)
  from space 9728K, 78% used [0x00000000f7100000,0x00000000f7879170,0x00000000f7a80000)
  to   space 10240K, 0% used [0x00000000f6680000,0x00000000f6680000,0x00000000f7080000)
 ParOldGen       total 107520K, used 41794K [0x0000000080e00000, 0x0000000087700000, 0x00000000d5a00000)
  object space 107520K, 38% used [0x0000000080e00000,0x00000000836d09f8,0x0000000087700000)
 Metaspace       used 81697K, capacity 89204K, committed 89304K, reserved 1126400K
  class space    used 10715K, capacity 12219K, committed 12288K, reserved 1048576K
}
Event: 1968.951 GC heap before
{Heap before GC invocations=70 (full 30):
 PSYoungGen      total 546816K, used 7652K [0x00000000d5a00000, 0x00000000f7a80000, 0x0000000100000000)
  eden space 537088K, 0% used [0x00000000d5a00000,0x00000000d5a00000,0x00000000f6680000)
  from space 9728K, 78% used [0x00000000f7100000,0x00000000f7879170,0x00000000f7a80000)
  to   space 10240K, 0% used [0x00000000f6680000,0x00000000f6680000,0x00000000f7080000)
 ParOldGen       total 107520K, used 41794K [0x0000000080e00000, 0x0000000087700000, 0x00000000d5a00000)
  object space 107520K, 38% used [0x0000000080e00000,0x00000000836d09f8,0x0000000087700000)
 Metaspace       used 81697K, capacity 89204K, committed 89304K, reserved 1126400K
  class space    used 10715K, capacity 12219K, committed 12288K, reserved 1048576K
Event: 1969.066 GC heap after
Heap after GC invocations=70 (full 30):
 PSYoungGen      total 546816K, used 0K [0x00000000d5a00000, 0x00000000f7a80000, 0x0000000100000000)
  eden space 537088K, 0% used [0x00000000d5a00000,0x00000000d5a00000,0x00000000f6680000)
  from space 9728K, 0% used [0x00000000f7100000,0x00000000f7100000,0x00000000f7a80000)
  to   space 10240K, 0% used [0x00000000f6680000,0x00000000f6680000,0x00000000f7080000)
 ParOldGen       total 107520K, used 42031K [0x0000000080e00000, 0x0000000087700000, 0x00000000d5a00000)
  object space 107520K, 39% used [0x0000000080e00000,0x000000008370bfe0,0x0000000087700000)
 Metaspace       used 81691K, capacity 89192K, committed 89304K, reserved 1126400K
  class space    used 10714K, capacity 12216K, committed 12288K, reserved 1048576K
}
Event: 1995.128 GC heap before
{Heap before GC invocations=71 (full 30):
 PSYoungGen      total 546816K, used 278007K [0x00000000d5a00000, 0x00000000f7a80000, 0x0000000100000000)
  eden space 537088K, 51% used [0x00000000d5a00000,0x00000000e697dd18,0x00000000f6680000)
  from space 9728K, 0% used [0x00000000f7100000,0x00000000f7100000,0x00000000f7a80000)
  to   space 10240K, 0% used [0x00000000f6680000,0x00000000f6680000,0x00000000f7080000)
 ParOldGen       total 107520K, used 42031K [0x0000000080e00000, 0x0000000087700000, 0x00000000d5a00000)
  object space 107520K, 39% used [0x0000000080e00000,0x000000008370bfe0,0x0000000087700000)
 Metaspace       used 82047K, capacity 89582K, committed 89816K, reserved 1126400K
  class space    used 10742K, capacity 12260K, committed 12288K, reserved 1048576K
Event: 1995.175 GC heap after
Heap after GC invocations=71 (full 30):
 PSYoungGen      total 547328K, used 7604K [0x00000000d5a00000, 0x00000000f7a80000, 0x0000000100000000)
  eden space 537088K, 0% used [0x00000000d5a00000,0x00000000d5a00000,0x00000000f6680000)
  from space 10240K, 74% used [0x00000000f6680000,0x00000000f6ded3a0,0x00000000f7080000)
  to   space 10240K, 0% used [0x00000000f7080000,0x00000000f7080000,0x00000000f7a80000)
 ParOldGen       total 107520K, used 42039K [0x0000000080e00000, 0x0000000087700000, 0x00000000d5a00000)
  object space 107520K, 39% used [0x0000000080e00000,0x000000008370dfe0,0x0000000087700000)
 Metaspace       used 82047K, capacity 89582K, committed 89816K, reserved 1126400K
  class space    used 10742K, capacity 12260K, committed 12288K, reserved 1048576K
}
Event: 1995.175 GC heap before
{Heap before GC invocations=72 (full 31):
 PSYoungGen      total 547328K, used 7604K [0x00000000d5a00000, 0x00000000f7a80000, 0x0000000100000000)
  eden space 537088K, 0% used [0x00000000d5a00000,0x00000000d5a00000,0x00000000f6680000)
  from space 10240K, 74% used [0x00000000f6680000,0x00000000f6ded3a0,0x00000000f7080000)
  to   space 10240K, 0% used [0x00000000f7080000,0x00000000f7080000,0x00000000f7a80000)
 ParOldGen       total 107520K, used 42039K [0x0000000080e00000, 0x0000000087700000, 0x00000000d5a00000)
  object space 107520K, 39% used [0x0000000080e00000,0x000000008370dfe0,0x0000000087700000)
 Metaspace       used 82047K, capacity 89582K, committed 89816K, reserved 1126400K
  class space    used 10742K, capacity 12260K, committed 12288K, reserved 1048576K
Event: 1995.394 GC heap after
Heap after GC invocations=72 (full 31):
 PSYoungGen      total 547328K, used 0K [0x00000000d5a00000, 0x00000000f7a80000, 0x0000000100000000)
  eden space 537088K, 0% used [0x00000000d5a00000,0x00000000d5a00000,0x00000000f6680000)
  from space 10240K, 0% used [0x00000000f6680000,0x00000000f6680000,0x00000000f7080000)
  to   space 10240K, 0% used [0x00000000f7080000,0x00000000f7080000,0x00000000f7a80000)
 ParOldGen       total 107520K, used 41485K [0x0000000080e00000, 0x0000000087700000, 0x00000000d5a00000)
  object space 107520K, 38% used [0x0000000080e00000,0x0000000083683608,0x0000000087700000)
 Metaspace       used 81933K, capacity 89398K, committed 89816K, reserved 1126400K
  class space    used 10723K, capacity 12225K, committed 12288K, reserved 1048576K
}
Event: 2107.149 GC heap before
{Heap before GC invocations=73 (full 31):
 PSYoungGen      total 547328K, used 279251K [0x00000000d5a00000, 0x00000000f7a80000, 0x0000000100000000)
  eden space 537088K, 51% used [0x00000000d5a00000,0x00000000e6ab4db8,0x00000000f6680000)
  from space 10240K, 0% used [0x00000000f6680000,0x00000000f6680000,0x00000000f7080000)
  to   space 10240K, 0% used [0x00000000f7080000,0x00000000f7080000,0x00000000f7a80000)
 ParOldGen       total 107520K, used 41485K [0x0000000080e00000, 0x0000000087700000, 0x00000000d5a00000)
  object space 107520K, 38% used [0x0000000080e00000,0x0000000083683608,0x0000000087700000)
 Metaspace       used 82385K, capacity 89986K, committed 90200K, reserved 1126400K
  class space    used 10769K, capacity 12302K, committed 12416K, reserved 1048576K

